✅ Grok API key loaded successfully (length: 84 chars)
🤖 Grok AI initialized successfully
🏛️  Operating Systems Archaeological Extraction Engine Initialized
📚 Source: /home/shahar42/Suumerizing_C_holy_grale_book/Operating Systems - Three Easy Pieces.pdf
📁 Output: /home/shahar42/Suumerizing_C_holy_grale_book/outputs/os_three_pieces
📊 Previous progress: 16 concepts extracted

🔍 Starting Operating Systems extraction session...
📖 Extracting OS content from page 61...
🧠 Detected 76 potential OS atomic concepts

⚡ Processing OS concept 1/4...
Full Grok response: {
  "topic": "wait() System Call",
  "explanation": "The wait() system call in C is a function that allows a parent process to suspend its execution until one of its child processes terminates. It is used to synchronize processes, ensuring that the parent does not proceed before the child has finished, which helps in creating deterministic program behavior and avoiding issues like race conditions in multi-process environments.",
  "syntax": "pid_t wait(int *status);",
  "code_example": [
    "#include <stdio.h>",
    "#include <stdlib.h>",
    "#include <unistd.h>",
    "#include <sys/wait.h>",
    "",
    "int main() {",
    "    pid_t pid = fork();",
    "    if (pid == 0) {  // Child process",
    "        printf(\"hello, I am child (pid: %d)\\n\", getpid());",
    "        exit(0);",
    "    } else if (pid > 0) {  // Parent process",
    "        wait(NULL);  // Wait for child to finish",
    "        printf(\"hello, I am parent of %d (pid: %d)\\n\", pid, getpid());",
    "    }",
    "    return 0;",
    "}"
  ],
  "example_explanation": "In this example, the program forks a child process. The child prints its message and exits immediately. The parent calls wait(), which blocks until the child terminates, ensuring the child's message is printed first. After wait() returns, the parent prints its message, demonstrating how wait() synchronizes the processes to produce deterministic output."
}
Response length: 1418
✅ Saved OS concept: wait() System Call

⚡ Processing OS concept 2/4...
Full Grok response: {
  "topic": "exec() System Call",
  "explanation": "The exec() system call is a family of functions in C that replaces the current process's memory space with a new program. It is used to execute a different executable file from within a running process, which is essential for scenarios where you need to run external commands or programs without keeping the original process's code, such as in process management or scripting.",
  "syntax": "int execvp(const char *file, char *const argv[]);",
  "code_example": [
    "#include <stdio.h>",
    "#include <unistd.h>",
    "#include <sys/types.h>",
    "#include <sys/wait.h>",
    "",
    "int main() {",
    "    pid_t pid = fork();",
    "    if (pid == 0) {  // Child process",
    "        char *args[] = {\"ls\", \"-l\", NULL};",
    "        execvp(\"ls\", args);  // Replace child with 'ls -l' command",
    "        printf(\"execvp failed\\n\");  // This line won't execute if execvp succeeds",
    "    } else if (pid > 0) {  // Parent process",
    "        wait(NULL);  // Wait for child to finish",
    "    }",
    "    return 0;",
    "}"
  ],
  "example_explanation": "This example demonstrates the execvp variant of the exec() system call by forking a child process. In the child, execvp replaces the process image with the 'ls -l' command, which lists files in long format. If successful, the child no longer runs the original code; instead, it executes the new program, showing how exec() switches to a different executable while the parent waits for it to complete."
}
Response length: 1539
✅ Saved OS concept: exec() System Call

⚡ Processing OS concept 3/4...
Full Grok response: {
  "topic": "Arithmetic Operators",
  "explanation": "Arithmetic operators are symbols in C that perform basic mathematical operations on numerical operands, such as addition, subtraction, multiplication, division, and modulus. They are used to manipulate and calculate values in programs, forming the foundation for numerical computations and data processing.",
  "syntax": "operand1 operator operand2",
  "code_example": [
    "#include <stdio.h>",
    "int main() {",
    "    int a = 5;",
    "    int b = 3;",
    "    int sum = a + b;",
    "    printf(\"%d\\n\", sum);",
    "    return 0;",
    "}"
  ],
  "example_explanation": "This program declares two integers, a and b, uses the + arithmetic operator to add them, stores the result in sum, and prints the value of sum. This demonstrates how the addition operator performs a simple calculation on operands and outputs the result."
}
Response length: 895
✅ Saved OS concept: Arithmetic Operators

⚡ Processing OS concept 4/4...
Full Grok response: {
  "topic": "Include Directive in C",
  "explanation": "The #include directive in C is a preprocessor command that inserts the contents of a specified header file into the source code before compilation. It is used to access external declarations, such as functions, macros, and types from libraries, making it essential for reusing code and interfacing with system or standard libraries.",
  "syntax": "#include <header> or #include \"header\"",
  "code_example": [
    "#include <stdio.h>",
    "int main() {",
    "    printf(\"This demonstrates the include directive.\\n\");",
    "    return 0;",
    "}"
  ],
  "example_explanation": "This example includes the stdio.h header, which provides the declaration for the printf function. The program uses printf to output a message, illustrating how the #include directive incorporates necessary definitions from an external file, enabling the use of standard library functions in the code."
}
Response length: 945
✅ Saved OS concept: Include Directive in C
📋 OS daily summary saved: os_daily_summary_2025-07-16.md

📊 OS session complete: 4 atomic concepts extracted
📈 Total OS progress: 20 concepts

⏳ Run OS script again tomorrow to continue extraction...
✅ Grok API key loaded successfully (length: 84 chars)
🤖 Grok AI initialized successfully
🏛️  Operating Systems Archaeological Extraction Engine Initialized
📚 Source: /home/shahar42/Suumerizing_C_holy_grale_book/Operating Systems - Three Easy Pieces.pdf
📁 Output: /home/shahar42/Suumerizing_C_holy_grale_book/outputs/os_three_pieces
📊 Previous progress: 20 concepts extracted

🔍 Starting Operating Systems extraction session...
📖 Extracting OS content from page 76...
🧠 Detected 74 potential OS atomic concepts

⚡ Processing OS concept 1/4...
Full Grok response: {
  "topic": "Limited Direct Execution with Timer Interrupt",
  "explanation": "Limited Direct Execution is a mechanism in operating systems where processes run directly on the CPU, but timer interrupts are used to periodically regain control. This prevents any single process from hogging resources, enables multitasking, and ensures system responsiveness by allowing the kernel to schedule other tasks.",
  "syntax": "unsigned int alarm(unsigned int seconds);",
  "code_example": [
    "#include <stdio.h>",
    "#include <signal.h>",
    "#include <unistd.h>",
    "",
    "void handler(int signum) {",
    "    printf(\"Timer interrupted!\\n\");",
    "}",
    "",
    "int main() {",
    "    signal(SIGALRM, handler);",
    "    alarm(5);  // Set timer for 5 seconds",
    "    printf(\"Starting long task...\\n\");",
    "    while(1) {",  // Simulate ongoing execution",
    "        ;  // Do nothing",
    "    }",
    "    return 0;",
    "}"
  ],
  "example_explanation": "This program demonstrates Limited Direct Execution by setting a timer alarm for 5 seconds using alarm(). It starts an infinite loop to simulate direct execution. When the timer expires, the signal handler is called, interrupting the loop and regaining control, showing how timer interrupts enforce limits on execution time."
}
Response length: 1310
Failed to parse JSON: Expecting value: line 18 column 24 (char 847)
Response was: {
  "topic": "Limited Direct Execution with Timer Interrupt",
  "explanation": "Limited Direct Execution is a mechanism in operating systems where processes run directly on the CPU, but timer interrupts are used to periodically regain control. This prevents any single process from hogging resources, enables multitasking, and ensures system responsiveness by allowing the kernel to schedule other tasks.",
  "syntax": "unsigned int alarm(unsigned int seconds);",
  "code_example": [
    "#include <s...
Error processing concept: 'NoneType' object does not support item assignment
❌ Failed to process OS concept

⚡ Processing OS concept 2/4...
Full Grok response: {
  "topic": "Timer Interrupt",
  "explanation": "A timer interrupt is a hardware mechanism that periodically interrupts the CPU to allow the operating system to regain control, even if user processes are not yielding the CPU voluntarily. It is used to prevent any single process from monopolizing system resources, ensuring fair scheduling and system stability by returning control to the OS at regular intervals.",
  "syntax": "signal(int sig, void (*func)(int));",
  "code_example": [
    "#include <stdio.h>",
    "#include <signal.h>",
    "#include <unistd.h>",
    "",
    "void handler(int sig) {",
    "    printf(\"Timer interrupt handled\\n\");",
    "}",
    "",
    "int main() {",
    "    signal(SIGALRM, handler);  // Set up signal handler for timer",
    "    alarm(5);  // Start a timer for 5 seconds",
    "    printf(\"Main program running...\\n\");",
    "    for(volatile int i = 0; i < 1000000000; i++);  // Simulate a long-running process",
    "    printf(\"Main program finished\\n\");",
    "    return 0;",
    "}"
  ],
  "example_explanation": "This program demonstrates a timer interrupt by setting an alarm for 5 seconds using the alarm() function, which triggers the SIGALRM signal. The handler function is called when the timer expires, interrupting the main program's loop and printing a message. This illustrates how a timer can regain control from a running process, similar to how an OS uses hardware interrupts to maintain system control."
}
Response length: 1479
✅ Saved OS concept: Timer Interrupt

⚡ Processing OS concept 3/4...
Full Grok response: {
  "topic": "System Calls in C",
  "explanation": "A system call in C is a programmatic request to the operating system's kernel for services that require privileged access, such as input/output operations. It is used because user-level programs cannot directly perform hardware interactions, so system calls provide a safe bridge, mimicking hardware traps like saving and restoring registers to maintain system state.",
  "syntax": "int write(int fd, const void *buf, size_t count);",
  "code_example": [
    "#include <unistd.h>",
    "int main() {",
    "    const char *message = \"Hello, world!\\n\";",
    "    if (write(1, message, 13) != 13) {",
    "        return 1;  // Indicate error",
    "    }",
    "    return 0;",
    "}"
  ],
  "example_explanation": "This program demonstrates a system call by using the write function to output 'Hello, world!' to standard output (file descriptor 1). It shows how the C program requests kernel services, similar to a hardware trap, by passing arguments and handling the result, illustrating the concept of invoking and managing system calls in a simple, controlled manner."
}
Response length: 1130
✅ Saved OS concept: System Calls in C

⚡ Processing OS concept 4/4...
Full Grok response: {
  "topic": "Context Saving and Restoring with setjmp and longjmp",
  "explanation": "setjmp and longjmp are C standard library functions that allow a program to save the current execution context (including registers and stack pointer) and later restore it to perform a non-local jump. They are used for error handling, simulating context switches, or escaping deeply nested functions without unwinding the stack manually, providing a way to manage control flow in a manner similar to low-level context switching in operating systems.",
  "syntax": "int setjmp(jmp_buf env); void longjmp(jmp_buf env, int val);",
  "code_example": [
    "#include <setjmp.h>",
    "#include <stdio.h>",
    "",
    "jmp_buf env;",
    "",
    "int main() {",
    "    if (setjmp(env) == 0) {",
    "        printf(\"Original context: Saving and jumping\\n\");",
    "        longjmp(env, 1);  // Restore context and jump",
    "    } else {",
    "        printf(\"Restored context: Execution resumed\\n\");",
    "    }",
    "    return 0;",
    "}"
  ],
  "example_explanation": "This program demonstrates context saving and restoring by first using setjmp to save the current context in the main function. When longjmp is called, it restores the saved context and resumes execution from the setjmp call, jumping to the else block. This shows how the context (including program state) is preserved and restored, illustrating the concept in a simple, runnable manner."
}
Response length: 1457
✅ Saved OS concept: Context Saving and Restoring with setjmp and longjmp
📋 OS daily summary saved: os_daily_summary_2025-07-16.md

📊 OS session complete: 3 atomic concepts extracted
📈 Total OS progress: 23 concepts

⏳ Run OS script again tomorrow to continue extraction...
