✅ Grok API key loaded successfully (length: 84 chars)
🤖 Grok AI initialized successfully
🏛️  Operating Systems Archaeological Extraction Engine Initialized
📚 Source: /home/shahar42/Suumerizing_C_holy_grale_book/Operating Systems - Three Easy Pieces.pdf
📁 Output: /home/shahar42/Suumerizing_C_holy_grale_book/outputs/os_three_pieces
📊 Previous progress: 23 concepts extracted

🔍 Starting Operating Systems extraction session...
📖 Extracting OS content from page 91...
🧠 Detected 64 potential OS atomic concepts

⚡ Processing OS concept 1/4...
Full Grok response: {
  "topic": "Overlapping Operations with Threads",
  "explanation": "Overlapping operations with threads in C allows multiple tasks to run concurrently, improving system utilization by performing operations like I/O without blocking the entire program. This is useful for maximizing efficiency in systems where operations such as disk I/O or network communication can be started and then continued alongside other work.",
  "syntax": "pthread_create(pthread_t *thread, const pthread_attr_t *attr, void *(*start_routine)(void*), void *arg);",
  "code_example": [
    "#include <pthread.h>",
    "#include <stdio.h>",
    "",
    "void *thread_function(void *arg) {",
    "    printf(\"Thread is working\\n\");",
    "    return NULL;",
    "}",
    "",
    "int main() {",
    "    pthread_t thread;",
    "    pthread_create(&thread, NULL, thread_function, NULL);",
    "    printf(\"Main is working\\n\");",
    "    pthread_join(thread, NULL);",
    "    return 0;",
    "}"
  ],
  "example_explanation": "This example demonstrates overlapping operations by creating a new thread that prints 'Thread is working' while the main thread continues and prints 'Main is working'. The pthread_create function starts the thread operation, allowing both the main thread and the new thread to execute concurrently, which shows how operations can overlap to improve utilization without waiting for one to finish before starting the next."
}
Response length: 1432
✅ Saved OS concept: Overlapping Operations with Threads

⚡ Processing OS concept 2/4...
Full Grok response: {
  "topic": "Basic Output in C",
  "explanation": "Basic output in C refers to the process of displaying information to the user through the console. It is used to communicate results, messages, or data from the program, making it essential for interactive and informative programs. Without output, a program's execution would be invisible, limiting its utility in real-world applications.",
  "syntax": "printf(\"format string\", argument1, argument2, ...);",
  "code_example": [
    "#include <stdio.h>",
    "int main() {",
    "    printf(\"Hello, World!\\n\");",
    "    return 0;",
    "}"
  ],
  "example_explanation": "This example demonstrates basic output in C by using the printf function to display the string 'Hello, World!' on the console. When the program runs, it outputs this message followed by a newline, showing how printf sends text to the standard output, which aligns with the concept of programs performing I/O to make their results visible."
}
Response length: 970
✅ Saved OS concept: Basic Output in C

⚡ Processing OS concept 3/4...
Full Grok response: {
  "topic": "For Loop",
  "explanation": "A for loop in C is a control structure that allows a block of code to be executed repeatedly for a specified number of iterations. It is used to perform repetitive tasks efficiently, such as iterating through a sequence or processing items in a loop, making code more concise and easier to manage.",
  "syntax": "for(initialization; condition; increment)",
  "code_example": [
    "#include <stdio.h>",
    "int main() {",
    "    for(int i = 0; i < 5; i++) {",
    "        printf(\"A \");",
    "    }",
    "    for(int i = 0; i < 5; i++) {",
    "        printf(\"B \");",
    "    }",
    "    printf(\"\\n\");",
    "    return 0;",
    "}"
  ],
  "example_explanation": "This example demonstrates a for loop by using two separate loops: the first loop initializes i to 0, checks if i is less than 5, and increments i each time, printing 'A ' five times; the second loop does the same to print 'B ' five times. This shows how the for loop controls repetition based on the condition and increment, resulting in the output 'A A A A A B B B B B ' followed by a newline."
}
Response length: 1119
✅ Saved OS concept: For Loop

⚡ Processing OS concept 4/4...
Error processing concept: HTTPSConnectionPool(host='api.x.ai', port=443): Read timed out. (read timeout=60)
❌ Failed to process OS concept
📋 OS daily summary saved: os_daily_summary_2025-07-18.md

📊 OS session complete: 3 atomic concepts extracted
📈 Total OS progress: 26 concepts

⏳ Run OS script again tomorrow to continue extraction...
✅ Grok API key loaded successfully (length: 84 chars)
🤖 Grok AI initialized successfully
🏛️  Operating Systems Archaeological Extraction Engine Initialized
📚 Source: /home/shahar42/Suumerizing_C_holy_grale_book/Operating Systems - Three Easy Pieces.pdf
📁 Output: /home/shahar42/Suumerizing_C_holy_grale_book/outputs/os_three_pieces
📊 Previous progress: 26 concepts extracted

🔍 Starting Operating Systems extraction session...
📖 Extracting OS content from page 106...
🧠 Detected 65 potential OS atomic concepts

⚡ Processing OS concept 1/4...
Full Grok response: {
  "topic": "Queue Data Structure in C",
  "explanation": "A queue is a First-In-First-Out (FIFO) data structure that stores elements in a linear order, where the first element added is the first one removed. It is used in C programming to manage ordered processes, such as in scheduling algorithms, to ensure tasks are handled sequentially without priority inversion.",
  "syntax": "void enqueue(queue* q, int item); int dequeue(queue* q);",
  "code_example": [
    "#include <stdio.h>",
    "#include <stdlib.h>",
    "typedef struct Node {",
    "    int data;",
    "    struct Node* next;",
    "} Node;",
    "void enqueue(Node** front, Node** rear, int value) {",
    "    Node* newNode = (Node*)malloc(sizeof(Node));",
    "    newNode->data = value;",
    "    newNode->next = NULL;",
    "    if (*rear == NULL) {",
    "        *front = newNode;",
    "        *rear = newNode;",
    "    } else {",
    "        (*rear)->next = newNode;",
    "        *rear = newNode;",
    "    }",
    "}",
    "int dequeue(Node** front) {",
    "    if (*front == NULL) {",
    "        printf(\"Queue is empty\\n\");",
    "        return -1;  // Error value",
    "    }",
    "    Node* temp = *front;",
    "    int value = temp->data;",
    "    *front = temp->next;",
    "    free(temp);",
    "    return value;",
    "}",
    "int main() {",
    "    Node* front = NULL;",
    "    Node* rear = NULL;",
    "    enqueue(&front, &rear, 10);",
    "    enqueue(&front, &rear, 20);",
    "    printf(\"Dequeued: %d\\n\", dequeue(&front));",
    "    printf(\"Dequeued: %d\\n\", dequeue(&front));",
    "    return 0;",
    "}"
  ],
  "example_explanation": "This example implements a basic queue using a linked list in C. It uses the enqueue function to add elements (10 and 20) in FIFO order and the dequeue function to remove them, demonstrating how the first element added (10) is removed first, illustrating the core FIFO behavior of a queue."
}
Response length: 1955
✅ Saved OS concept: Queue Data Structure in C

⚡ Processing OS concept 2/4...
Full Grok response: {
  "topic": "Main Function in C",
  "explanation": "The main function is the entry point of a C program, where execution begins. It is essential for any C program as it allows the operating system to start and control the program's flow, and it typically returns an integer to indicate the program's status.",
  "syntax": "int main(void)",
  "code_example": [
    "#include <stdio.h>",
    "",
    "int main(void) {",
    "    printf(\"This is a simple C program.\\n\");",
    "    return 0;",
    "}"
  ],
  "example_explanation": "This example defines the main function, which is the starting point of the program. When executed, it prints 'This is a simple C program.' to the console and returns 0 to indicate successful completion, demonstrating how the main function serves as the program's entry and exit point."
}
Response length: 821
✅ Saved OS concept: Main Function in C

⚡ Processing OS concept 3/4...
Full Grok response: {
  "topic": "Command-Line Argument Parsing in C",
  "explanation": "Command-line argument parsing in C is the process of accessing and interpreting inputs provided when running a program from the command line. It allows programs to accept variable inputs, such as options or flags, making them more flexible and configurable for different scenarios, like specifying parameters in a simulation tool.",
  "syntax": "int main(int argc, char *argv[])",
  "code_example": [
    "#include <stdio.h>",
    "int main(int argc, char *argv[]) {",
    "    if (argc > 1) {",
    "        for (int i = 1; i < argc; i++) {",
    "            if (strcmp(argv[i], \"-S\") == 0) {",
    "                printf(\"Flag -S detected.\\n\");",
    "            }",
    "        }",
    "    } else {",
    "        printf(\"No arguments provided.\\n\");",
    "    }",
    "    return 0;",
    "}"
  ],
  "example_explanation": "This example demonstrates command-line argument parsing by checking if the program is run with the '-S' flag. The main function uses argc to count arguments and argv to access them as strings. It loops through the arguments, compares each to '-S' using strcmp, and prints a message if found, showing how flags can be detected and handled to configure program behavior."
}
Response length: 1281
✅ Saved OS concept: Command-Line Argument Parsing in C

⚡ Processing OS concept 4/4...
Full Grok response: {
  "topic": "Addition Operator",
  "explanation": "The addition operator (+) in C is used to add two numeric operands, resulting in their sum. It is essential for performing basic arithmetic operations in programs, enabling tasks like calculating totals or combining values, which forms the foundation of more complex computations.",
  "syntax": "operand1 + operand2",
  "code_example": [
    "#include <stdio.h>",
    "int main() {",
    "    int a = 5;",
    "    int b = 3;",
    "    int sum = a + b;",
    "    printf(\"%d\\n\", sum);",
    "    return 0;",
    "}"
  ],
  "example_explanation": "This program declares two integers, a and b, uses the + operator to add them and store the result in sum, then prints the sum to the console, demonstrating how the addition operator combines two values in a simple C program."
}
Response length: 830
✅ Saved OS concept: Addition Operator
📋 OS daily summary saved: os_daily_summary_2025-07-18.md

📊 OS session complete: 4 atomic concepts extracted
📈 Total OS progress: 30 concepts

⏳ Run OS script again tomorrow to continue extraction...
