✅ Grok API key loaded successfully (length: 84 chars)
🤖 Grok AI initialized successfully
🏛️  UNIX Environment Archaeological Extraction Engine Initialized
📚 Source: /home/shahar42/Suumerizing_C_holy_grale_book/Advanced Programming in the UNIX Environment 3rd Edition.pdf
📁 Output: /home/shahar42/Suumerizing_C_holy_grale_book/outputs/unix_env
📊 Previous progress: 13 concepts extracted

🔍 Starting UNIX environment extraction session...
📖 Extracting UNIX content from page 60...
🧠 Detected 31 potential UNIX atomic concepts

⚡ Processing UNIX concept 1/4...
Full Grok response: {
  "topic": "The restrict Keyword",
  "explanation": "The restrict keyword in C is a type qualifier applied to pointers that informs the compiler that the pointer is the only means of accessing the object it points to within the scope of the pointer's use. It is used to enable compiler optimizations, such as improved code generation for aliasing scenarios, by assuring that no other pointers or references will access the same memory location, which can lead to faster and more efficient code execution.",
  "syntax": "void func(int * restrict ptr);",
  "code_example": [
    "#include <stdio.h>",
    "",
    "void add_one(int * restrict p) {",
    "    (*p)++;",
    "}",
    "",
    "int main() {",
    "    int x = 5;",
    "    add_one(&x);",
    "    printf(\"%d\\n\", x);",
    "    return 0;",
    "}"
  ],
  "example_explanation": "This example defines a function add_one that takes a restrict-qualified pointer to an integer, increments the value it points to, and returns. In main, we initialize an integer x to 5, pass its address to add_one, and then print x, which becomes 6. The restrict keyword demonstrates its purpose by allowing the compiler to optimize the function, assuming no other pointers access x during the operation, thus showing how it aids in performance without altering the program's behavior."
}
Response length: 1331
✅ Saved UNIX concept: The restrict Keyword

⚡ Processing UNIX concept 2/4...
Full Grok response: {
  "topic": "Main Function in C",
  "explanation": "The main function is the entry point of any C program, where execution begins. It is essential because it serves as the starting point for the program to run, allowing the operating system to call it when the program is executed. In UNIX-standardized C environments, adhering to the standard signature ensures portability and compatibility across systems.",
  "syntax": "int main(void)",
  "code_example": [
    "#include <stdio.h>",
    "int main(void) {",
    "    printf(\"Hello, UNIX Standard C!\\n\");",
    "    return 0;",
    "}"
  ],
  "example_explanation": "This example defines the main function with the standard signature, which is called when the program runs. It includes the stdio.h header for input/output functions, uses printf to output a message demonstrating basic functionality, and returns 0 to indicate successful execution, showing how the main function serves as the program's entry and exit point in a UNIX-standardized context."
}
Response length: 1012
✅ Saved UNIX concept: Main Function in C

⚡ Processing UNIX concept 3/4...
Full Grok response: {
  "topic": "main Function",
  "explanation": "The main function is the entry point of a C program, where execution begins. It is essential because it serves as the starting point for the program to run on various operating systems like FreeBSD, Linux, macOS, and Solaris, allowing the code to be portable and executable across platforms.",
  "syntax": "int main(void)",
  "code_example": [
    "#include <stdio.h>",
    "int main(void) {",
    "    printf(\"Hello, World!\\n\");",
    "    return 0;",
    "}"
  ],
  "example_explanation": "This example defines the main function as the program's entry point. When executed, it prints 'Hello, World!' to the console and returns 0 to indicate successful execution, demonstrating how the main function initiates and controls the program's flow on supported operating systems."
}
Response length: 828
✅ Saved UNIX concept: main Function

⚡ Processing UNIX concept 4/4...
Full Grok response: {
  "topic": "#include Directive in C",
  "explanation": "The #include directive is a preprocessor command in C that inserts the contents of a specified header file into the current source file before compilation. It is used to access declarations, such as functions and macros, from standard or custom libraries, promoting code modularity and reuse.",
  "syntax": "#include <header.h> or #include \"header.h\"",
  "code_example": [
    "#include <stdio.h>",
    "",
    "int main() {",
    "    printf(\"Hello, World!\\n\");",
    "    return 0;",
    "}"
  ],
  "example_explanation": "This example demonstrates the #include directive by including the stdio.h header file, which provides the declaration for the printf function. The program then uses printf to print 'Hello, World!' to the console, illustrating how the directive makes external functions available for use."
}
Response length: 878
✅ Saved UNIX concept: #include Directive in C
📋 UNIX daily summary saved: unix_daily_summary_2025-07-13.md

📊 UNIX session complete: 4 atomic concepts extracted
📈 Total UNIX progress: 17 concepts

⏳ Run UNIX script again tomorrow to continue extraction...
