✅ Grok API key loaded successfully (length: 84 chars)
🤖 Grok AI initialized successfully
🏛️  UNIX Environment Archaeological Extraction Engine Initialized
📚 Source: /home/shahar42/Suumerizing_C_holy_grale_book/Advanced Programming in the UNIX Environment 3rd Edition.pdf
📁 Output: /home/shahar42/Suumerizing_C_holy_grale_book/outputs/unix_env
📊 Previous progress: 32 concepts extracted

🔍 Starting UNIX environment extraction session...
📖 Extracting UNIX content from page 135...
🧠 Detected 34 potential UNIX atomic concepts

⚡ Processing UNIX concept 1/4...
Full Grok response: {
  "topic": "File Access Permission Checking",
  "explanation": "File access permission checking is a system-level process where the kernel verifies if a process can access a file based on the file's ownership (user ID and group ID) and the process's effective IDs. It is used to enforce security and control access in Unix-like systems, ensuring that only authorized processes can read, write, or execute files by evaluating permission bits in a specific order.",
  "syntax": "int access(const char *pathname, int mode);",
  "code_example": [
    "#include <stdio.h>",
    "#include <unistd.h>",
    "int main() {",
    "    if (access(\"example.txt\", R_OK) == 0) {",
    "        printf(\"Access granted: File can be read.\\n\");",
    "    } else {",
    "        printf(\"Access denied: File cannot be read.\\n\");",
    "    }",
    "    return 0;",
    "}"
  ],
  "example_explanation": "This example uses the access function to check if 'example.txt' can be read (R_OK mode), demonstrating how the system performs permission checks based on the file's ownership and the process's effective IDs. If access is granted, it prints a success message; otherwise, it indicates denial, illustrating the core logic of sequential permission testing."
}
Response length: 1251
✅ Saved UNIX concept: File Access Permission Checking

⚡ Processing UNIX concept 2/4...
Full Grok response: {
  "topic": "Ownership of New Files",
  "explanation": "Ownership of new files in C programming on Unix-like systems refers to the assignment of user ID and group ID when a file is created using functions like open or creat. The user ID is set to the effective user ID of the process for security and access control, ensuring the file belongs to the user running the program. The group ID follows system-specific rules, such as using the effective group ID of the process or the group ID of the parent directory, to manage group-based permissions effectively.",
  "syntax": "int open(const char *pathname, int flags, mode_t mode)",
  "code_example": [
    "#include <fcntl.h>",
    "#include <stdio.h>",
    "#include <unistd.h>",
    "int main() {",
    "    int fd = open(\"newfile.txt\", O_CREAT | O_WRONLY, 0644);",
    "    if (fd == -1) {",
    "        perror(\"open\");",
    "        return 1;",
    "    }",
    "    close(fd);",
    "    return 0;",
    "}"
  ],
  "example_explanation": "This program creates a new file named 'newfile.txt' using the open function with O_CREAT flag. The user ID of the new file is set to the effective user ID of the process running the program, demonstrating the core ownership rule. The group ID is assigned based on system rules, such as inheriting from the parent directory if applicable, showing how ownership is automatically handled during file creation."
}
Response length: 1410
✅ Saved UNIX concept: Ownership of New Files

⚡ Processing UNIX concept 3/4...
Full Grok response: {
  "topic": "Setting the Set-Group-ID Bit on Directories",
  "explanation": "The set-group-ID bit is a file permission bit in Unix-like systems that, when set on a directory, causes new files and subdirectories created within it to inherit the directory's group ID instead of the process's effective group ID. This is used to maintain consistent group ownership across a directory hierarchy, ensuring proper access control and organization, such as in shared directories like /var/mail.",
  "syntax": "int mkdir(const char *pathname, mode_t mode);",
  "code_example": [
    "#include <sys/types.h>",
    "#include <sys/stat.h>",
    "#include <stdio.h>",
    "#include <errno.h>",
    "",
    "int main() {",
    "    if (mkdir(\"testdir\", 0770 | S_ISGID) == -1) {",
    "        perror(\"Error creating directory\");",
    "        return 1;",
    "    }",
    "    printf(\"Directory created with set-group-ID bit set.\\n\");",
    "    return 0;",
    "}"
  ],
  "example_explanation": "This program uses the mkdir function to create a new directory named 'testdir' with permissions 0770 (owner has read, write, execute; group has read, write, execute) and the S_ISGID bit set. As a result, any new files or subdirectories created inside 'testdir' will inherit its group ID, demonstrating how the set-group-ID bit propagates group ownership automatically."
}
Response length: 1363
✅ Saved UNIX concept: Setting the Set-Group-ID Bit on Directories

⚡ Processing UNIX concept 4/4...
Full Grok response: {
  "topic": "access function",
  "explanation": "The access function in C is used to check the accessibility of a file based on the real user and group IDs, rather than the effective ones. This is important for processes running with elevated privileges, such as those using set-user-ID or set-group-ID, to verify if the actual user has permission to access the file, ensuring security and proper authorization checks.",
  "syntax": "int access(const char *pathname, int mode);",
  "code_example": [
    "#include <unistd.h>",
    "#include <stdio.h>",
    "",
    "int main() {",
    "    if (access(\"example.txt\", R_OK) == 0) {",
    "        printf(\"The file is readable.\\n\");",
    "    } else {",
    "        printf(\"The file is not readable.\\n\");",
    "    }",
    "    return 0;",
    "}"
  ],
  "example_explanation": "This program uses the access function to check if 'example.txt' is readable (R_OK mode) by the real user. If access returns 0, it means the file is accessible, and the program prints a success message; otherwise, it prints a failure message. This demonstrates how access performs the check based on real user IDs, isolating the concept in a simple, runnable context."
}
Response length: 1207
✅ Saved UNIX concept: access function
📋 UNIX daily summary saved: unix_daily_summary_2025-07-18.md

📊 UNIX session complete: 4 atomic concepts extracted
📈 Total UNIX progress: 36 concepts

⏳ Run UNIX script again tomorrow to continue extraction...
✅ Grok API key loaded successfully (length: 84 chars)
🤖 Grok AI initialized successfully
🏛️  UNIX Environment Archaeological Extraction Engine Initialized
📚 Source: /home/shahar42/Suumerizing_C_holy_grale_book/Advanced Programming in the UNIX Environment 3rd Edition.pdf
📁 Output: /home/shahar42/Suumerizing_C_holy_grale_book/outputs/unix_env
📊 Previous progress: 36 concepts extracted

🔍 Starting UNIX environment extraction session...
📖 Extracting UNIX content from page 150...
🧠 Detected 49 potential UNIX atomic concepts

⚡ Processing UNIX concept 1/4...
Full Grok response: {
  "topic": "File Link Count using stat()",
  "explanation": "The stat() function in C is used to retrieve information about a file or directory, such as its link count, which indicates how many hard links point to the file's i-node. This is useful for understanding file system structures, managing directories, and ensuring proper file handling in programs, as it helps detect shared or linked files without accessing their contents directly.",
  "syntax": "int stat(const char *pathname, struct stat *statbuf)",
  "code_example": [
    "#include <stdio.h>",
    "#include <sys/types.h>",
    "#include <sys/stat.h>",
    "#include <unistd.h>",
    "",
    "int main() {",
    "    struct stat sb;",
    "    if (stat(\".\", &sb) == 0) {",  // Using current directory for demonstration",
    "        printf(\"Link count: %ld\\n\", (long) sb.st_nlink);",
    "    } else {",
    "        printf(\"Error retrieving file info\\n\");",
    "    }",
    "    return 0;",
    "}"
  ],
  "example_explanation": "This program uses the stat() function to get the file status of the current directory (\".\"). It stores the information in the struct stat variable sb and prints the link count via sb.st_nlink, demonstrating how to access and display a directory's link count to illustrate file system linking in C."
}
Response length: 1311
Failed to parse JSON: Expecting value: line 13 column 42 (char 744)
Response was: {
  "topic": "File Link Count using stat()",
  "explanation": "The stat() function in C is used to retrieve information about a file or directory, such as its link count, which indicates how many hard links point to the file's i-node. This is useful for understanding file system structures, managing directories, and ensuring proper file handling in programs, as it helps detect shared or linked files without accessing their contents directly.",
  "syntax": "int stat(const char *pathname, struct s...
Error processing concept: 'NoneType' object does not support item assignment
❌ Failed to process UNIX concept

⚡ Processing UNIX concept 2/4...
Full Grok response: {
  "topic": "link Function",
  "explanation": "The link function in C is used to create a hard link to an existing file in Unix-like systems. A hard link allows multiple directory entries to point to the same inode, meaning they share the same data on disk. This is useful for efficiently sharing files without duplicating data, as changes to the file through one link affect all links.",
  "syntax": "int link(const char *existingpath, const char *newpath);",
  "code_example": [
    "#include <unistd.h>",
    "#include <stdio.h>",
    "",
    "int main() {",
    "    int status = link(\"existingfile.txt\", \"newlink.txt\");",
    "    if (status == 0) {",
    "        printf(\"Link created successfully.\\n\");",
    "    } else {",
    "        printf(\"Failed to create link.\\n\");",
    "    }",
    "    return 0;",
    "}"
  ],
  "example_explanation": "This program demonstrates the link function by attempting to create a hard link named 'newlink.txt' to an existing file 'existingfile.txt'. If the function succeeds (returns 0), it prints a success message; otherwise, it prints a failure message. This shows how the link function establishes a new directory entry pointing to the same file data."
}
Response length: 1215
✅ Saved UNIX concept: link Function

⚡ Processing UNIX concept 3/4...
Full Grok response: {
  "topic": "linkat Function",
  "explanation": "The linkat function is a POSIX system call in C that creates a new hard link to an existing file using file descriptors. It is used to link files in a way that supports atomic operations, avoids race conditions, and works with relative paths or directories, making it more secure and flexible than the basic link function for file system manipulations.",
  "syntax": "int linkat(int efd, const char *existingpath, int nfd, const char *newpath, int flag);",
  "code_example": [
    "#include <stdio.h>",
    "#include <fcntl.h>",
    "#include <unistd.h>",
    "int main() {",
    "    int efd = open(\"existingfile.txt\", O_RDONLY);",
    "    if (efd == -1) {",
    "        perror(\"Error opening existing file\");",
    "        return 1;",
    "    }",
    "    int nfd = open(\".\", O_RDONLY | O_DIRECTORY);",
    "    if (nfd == -1) {",
    "        perror(\"Error opening current directory\");",
    "        close(efd);",
    "        return 1;",
    "    }",
    "    int result = linkat(efd, \"existingfile.txt\", nfd, \"newlink.txt\", 0);",
    "    if (result == -1) {",
    "        perror(\"linkat failed\");",
    "    } else {",
    "        printf(\"Hard link created successfully\\n\");",
    "    }",
    "    close(efd);",
    "    close(nfd);",
    "    return 0;",
    "}"
  ],
  "example_explanation": "This example demonstrates the linkat function by opening file descriptors for an existing file and the current directory, then calling linkat to create a hard link to the existing file. It checks the result to handle errors, showing how linkat uses file descriptors to perform the linking operation safely and atomically."
}
Response length: 1700
✅ Saved UNIX concept: linkat Function

⚡ Processing UNIX concept 4/4...
Full Grok response: {
  "topic": "linkat Function",
  "explanation": "The linkat function in C is used to create a new directory entry (hard link) that points to an existing file. It is employed to manage file system links efficiently, allowing multiple names to reference the same file data, which helps in organizing files without duplicating content. This is particularly useful in scenarios requiring atomic operations for link creation, ensuring consistency in file systems.",
  "syntax": "int linkat(int efd, const char *existingpath, int nfd, const char *newpath, int flags)",
  "code_example": [
    "#include <stdio.h>",
    "#include <unistd.h>",
    "int main() {",
    "    int result = linkat(AT_FDCWD, \"existingfile\", AT_FDCWD, \"newlink\", 0);",
    "    if (result == -1) {",
    "        perror(\"Error creating link\");",
    "    } else {",
    "        printf(\"Link created successfully\\n\");",
    "    }",
    "    return 0;",
    "}"
  ],
  "example_explanation": "This example demonstrates the linkat function by attempting to create a hard link named 'newlink' to an existing file 'existingfile' in the current directory. If 'existingfile' exists, the function creates the link and prints a success message; otherwise, it outputs an error via perror, showing how linkat handles file linking and error conditions in a simple, atomic manner."
}
Response length: 1351
✅ Saved UNIX concept: linkat Function
📋 UNIX daily summary saved: unix_daily_summary_2025-07-18.md

📊 UNIX session complete: 3 atomic concepts extracted
📈 Total UNIX progress: 39 concepts

⏳ Run UNIX script again tomorrow to continue extraction...
