✅ Grok API key loaded successfully (length: 84 chars)
🤖 Grok AI initialized successfully
🏛️  UNIX Environment Archaeological Extraction Engine Initialized
📚 Source: /home/shahar42/Suumerizing_C_holy_grale_book/Advanced Programming in the UNIX Environment 3rd Edition.pdf
📁 Output: /home/shahar42/Suumerizing_C_holy_grale_book/outputs/unix_env
📊 Previous progress: 25 concepts extracted

🔍 Starting UNIX environment extraction session...
📖 Extracting UNIX content from page 105...
🧠 Detected 46 potential UNIX atomic concepts

⚡ Processing UNIX concept 1/4...
Full Grok response: {
  "topic": "read() Function",
  "explanation": "The read() function in C is a system call that reads a specified number of bytes from a file descriptor into a memory buffer. It is used for low-level input operations, such as reading from files, standard input, or other devices, providing efficient and direct access to system resources in POSIX environments.",
  "syntax": "ssize_t read(int fd, void *buf, size_t count)",
  "code_example": [
    "#include <unistd.h>",
    "#include <stdio.h>",
    "",
    "int main() {",
    "    char buffer[100];",
    "    ssize_t bytes_read = read(0, buffer, sizeof(buffer) - 1);",
    "    if (bytes_read > 0) {",
    "        buffer[bytes_read] = '\\0';  // Null-terminate the string",
    "        printf(\"%s\", buffer);",
    "    }",
    "    return 0;",
    "}"
  ],
  "example_explanation": "This program uses the read() function to read up to 99 bytes from standard input (file descriptor 0) into the buffer array. It then null-terminates the read data and prints it using printf(), demonstrating how read() retrieves input data and handles the number of bytes read in a simple, self-contained manner."
}
Response length: 1155
✅ Saved UNIX concept: read() Function

⚡ Processing UNIX concept 2/4...
Full Grok response: {
  "topic": "read Function",
  "explanation": "The read function in C is a system call used to read data from a file descriptor into a memory buffer. It is essential for performing input operations in Unix-like systems, allowing programs to retrieve data from files, standard input, or other sources, which is crucial for file handling and I/O operations.",
  "syntax": "ssize_t read(int fd, void *buf, size_t nbytes);",
  "code_example": [
    "#include <fcntl.h>",
    "#include <unistd.h>",
    "#include <stdio.h>",
    "int main() {",
    "    int fd = open(\"example.txt\", O_RDONLY);",
    "    if (fd == -1) {",
    "        perror(\"open\");",
    "        return 1;",
    "    }",
    "    char buffer[100];",
    "    ssize_t bytes_read = read(fd, buffer, sizeof(buffer));",
    "    if (bytes_read > 0) {",
    "        buffer[bytes_read] = '\\0';",
    "        printf(\"%s\", buffer);",
    "    }",
    "    close(fd);",
    "    return 0;",
    "}"
  ],
  "example_explanation": "This example demonstrates the read function by first opening a file named 'example.txt' with a file descriptor. It then uses read to transfer up to 100 bytes from the file descriptor into the buffer array. The program null-terminates the buffer and prints its contents, illustrating how read fetches data from the file and makes it available for use in the program."
}
Response length: 1365
✅ Saved UNIX concept: read Function

⚡ Processing UNIX concept 3/4...
Full Grok response: {
  "topic": "The read() Function in C",
  "explanation": "The read() function in C is a system call used to read data from a file descriptor into a buffer. It is essential for input operations in Unix-like systems, allowing programs to read from files, devices, pipes, or networks. It returns the number of bytes read, 0 if the end of the file is reached, or -1 if an error occurs, helping programs handle data input reliably and manage various edge cases like partial reads.",
  "syntax": "int read(int fd, char *buf, unsigned nbytes);",
  "code_example": [
    "#include <unistd.h>",
    "#include <stdio.h>",
    "int main() {",
    "    char buffer[10];",
    "    int bytesRead = read(0, buffer, 10);  // Read up to 10 bytes from stdin (file descriptor 0)",
    "    if (bytesRead > 0) {",
    "        write(1, buffer, bytesRead);  // Write the read bytes to stdout (file descriptor 1)",
    "    }",
    "    return 0;",
    "}"
  ],
  "example_explanation": "This example demonstrates the read() function by reading up to 10 bytes from standard input (file descriptor 0) into a buffer. It then writes the read bytes to standard output using write(). The return value of read() (stored in bytesRead) indicates the number of bytes actually read, showing how the function handles input and potential partial reads, while keeping the program simple and focused on read() alone."
}
Response length: 1385
✅ Saved UNIX concept: The read() Function in C

⚡ Processing UNIX concept 4/4...
Full Grok response: {
  "topic": "Void Pointer in C",
  "explanation": "A void pointer (void*) in C is a generic pointer type that can hold the address of any data type without specifying it. It is used to create flexible functions that can work with different kinds of data, such as buffers in file I/O operations, allowing for reusability and consistency with standards like ISO C.",
  "syntax": "ssize_t read(int fd, void *buf, size_t count)",
  "code_example": [
    "#include <unistd.h>",
    "#include <stdio.h>",
    "int main() {",
    "    char buffer[10];",
    "    ssize_t bytes_read = read(0, buffer, sizeof(buffer));",
    "    if (bytes_read > 0) {",
    "        printf(\"Read %zd bytes\\n\", bytes_read);",
    "    }",
    "    return 0;",
    "}"
  ],
  "example_explanation": "This program demonstrates the void pointer by using the read function to read from standard input into a char array. The void* parameter in read allows the buffer to be any type, here a char array, showing how it enables generic handling of data without specifying the type in the function signature."
}
Response length: 1080
✅ Saved UNIX concept: Void Pointer in C
📋 UNIX daily summary saved: unix_daily_summary_2025-07-16.md

📊 UNIX session complete: 4 atomic concepts extracted
📈 Total UNIX progress: 29 concepts

⏳ Run UNIX script again tomorrow to continue extraction...
✅ Grok API key loaded successfully (length: 84 chars)
🤖 Grok AI initialized successfully
🏛️  UNIX Environment Archaeological Extraction Engine Initialized
📚 Source: /home/shahar42/Suumerizing_C_holy_grale_book/Advanced Programming in the UNIX Environment 3rd Edition.pdf
📁 Output: /home/shahar42/Suumerizing_C_holy_grale_book/outputs/unix_env
📊 Previous progress: 29 concepts extracted

🔍 Starting UNIX environment extraction session...
📖 Extracting UNIX content from page 120...
🧠 Detected 43 potential UNIX atomic concepts

⚡ Processing UNIX concept 1/4...
Full Grok response: {
  "topic": "Opening a File in C",
  "explanation": "Opening a file in C is the process of accessing a file on the disk for operations like reading or writing. It is used to establish a connection between the program and the file, allowing data manipulation while managing resources efficiently and handling potential errors, such as file non-existence.",
  "syntax": "FILE *fopen(const char *filename, const char *mode);",
  "code_example": [
    "#include <stdio.h>",
    "",
    "int main() {",
    "    FILE *file = fopen(\"example.txt\", \"r\");",  // Attempts to open the file in read mode",
    "    if (file == NULL) {",
    "        printf(\"Error opening file\\n\");",
    "        return 1;  // Exit if file could not be opened",
    "    }",
    "    fclose(file);  // Close the file after opening",
    "    printf(\"File opened successfully\\n\");",
    "    return 0;",
    "}"
  ],
  "example_explanation": "This example demonstrates opening a file named 'example.txt' in read mode using fopen. It checks if the file was opened successfully by verifying if the returned pointer is NULL, prints an error message if not, and then closes the file, showing the basic steps to handle file opening in a safe manner."
}
Response length: 1229
Failed to parse JSON: Expecting value: line 9 column 57 (char 555)
Response was: {
  "topic": "Opening a File in C",
  "explanation": "Opening a file in C is the process of accessing a file on the disk for operations like reading or writing. It is used to establish a connection between the program and the file, allowing data manipulation while managing resources efficiently and handling potential errors, such as file non-existence.",
  "syntax": "FILE *fopen(const char *filename, const char *mode);",
  "code_example": [
    "#include <stdio.h>",
    "",
    "int main() {",
 ...
Error processing concept: 'NoneType' object does not support item assignment
❌ Failed to process UNIX concept

⚡ Processing UNIX concept 2/4...
Full Grok response: {
  "topic": "Setting the O_SYNC Flag for Synchronous File Writes",
  "explanation": "The O_SYNC flag is a file descriptor flag in Unix-like systems that ensures write operations are performed synchronously. This means that a write call will not return until the data is physically written to the disk, rather than just queued. It is used to guarantee data persistence, which is crucial for applications like databases to prevent data loss in case of system failures or crashes.",
  "syntax": "fcntl(fd, F_SETFL, flags | O_SYNC)",
  "code_example": [
    "#include <fcntl.h>",
    "#include <unistd.h>",
    "#include <stdio.h>",
    "",
    "int main() {",
    "    int flags = fcntl(STDOUT_FILENO, F_GETFL, 0);",
    "    if (flags != -1) {",
    "        flags |= O_SYNC;",
    "        fcntl(STDOUT_FILENO, F_SETFL, flags);",
    "    }",
    "    // Perform a simple write to demonstrate",
    "    write(STDOUT_FILENO, \"Synchronous write test\\n\", 24);",
    "    return 0;",
    "}"
  ],
  "example_explanation": "This program first retrieves the current flags of STDOUT_FILENO using fcntl, adds the O_SYNC flag to them, and sets the updated flags. It then performs a write operation to stdout, which will now attempt synchronous writes, demonstrating how O_SYNC ensures the data is written to disk before proceeding, as verified by the flag modification."
}
Response length: 1367
✅ Saved UNIX concept: Setting the O_SYNC Flag for Synchronous File Writes

⚡ Processing UNIX concept 3/4...
Full Grok response: {
  "topic": "clock() Function",
  "explanation": "The clock() function in C is used to measure the processor time consumed by the program since it started. It returns the number of clock ticks, which can be converted to seconds for timing purposes, making it useful for benchmarking code performance and understanding execution duration.",
  "syntax": "clock_t clock(void);",
  "code_example": [
    "#include <stdio.h>",
    "#include <time.h>",
    "",
    "int main() {",
    "    clock_t start = clock();",
    "    // Simulate some work with a simple loop",
    "    for(volatile int i = 0; i < 1000000000; i++);",
    "    clock_t end = clock();",
    "    double time_spent = (double)(end - start) / CLOCKS_PER_SEC;",
    "    printf(\"Time spent: %f seconds\\n\", time_spent);",
    "    return 0;",
    "}"
  ],
  "example_explanation": "This program demonstrates the clock() function by recording the start time before a loop, performing a simple computation to simulate work, then recording the end time. It calculates and prints the time spent in seconds, showing how clock() measures CPU time for a specific code section."
}
Response length: 1138
✅ Saved UNIX concept: clock() Function

⚡ Processing UNIX concept 4/4...
Full Grok response: {
  "topic": "fsync Function",
  "explanation": "The fsync function in C is used to synchronize a file's in-core state with the physical storage. It ensures that all modified data and metadata associated with a file descriptor are written to the disk, which is crucial for maintaining data integrity in scenarios where immediate persistence is required, such as in database transactions or critical system operations, to prevent data loss in case of a crash.",
  "syntax": "int fsync(int fd);",
  "code_example": [
    "#include <stdio.h>",
    "#include <fcntl.h>",
    "#include <unistd.h>",
    "int main() {",
    "    int fd = open(\"test.txt\", O_WRONLY | O_CREAT, 0644);",
    "    if (fd == -1) {",
    "        perror(\"open\");",
    "        return 1;",
    "    }",
    "    write(fd, \"Hello\", 5);  // Write data to the file",
    "    fsync(fd);  // Synchronize the file to disk",
    "    close(fd);",
    "    return 0;",
    "}"
  ],
  "example_explanation": "This program opens a file named 'test.txt' for writing, writes the string 'Hello' to it, and then calls fsync to ensure the data is flushed to disk before closing the file. This demonstrates the fsync function by showing how it forces the operating system to commit the written data to persistent storage, highlighting its role in data synchronization."
}
Response length: 1333
✅ Saved UNIX concept: fsync Function
📋 UNIX daily summary saved: unix_daily_summary_2025-07-16.md

📊 UNIX session complete: 3 atomic concepts extracted
📈 Total UNIX progress: 32 concepts

⏳ Run UNIX script again tomorrow to continue extraction...
